1675277301997	geckodriver	INFO	Listening on 127.0.0.1:57621
1675277302562	mozrunner::runner	INFO	Running command: "/usr/bin/firefox" "--marionette" "--remote-debugging-port" "42195" "--remote-allow-hosts" "localhost" "-no-remote" "-profile" "/tmp/rust_mozprofiletEwx1m"

(Firefox-esr:7381): Gtk-WARNING **: 21:48:23.235: Theme directory actions/24 of theme Dracula has no size field


(Firefox-esr:7381): Gtk-WARNING **: 21:48:23.236: Theme directory actions/32 of theme Dracula has no size field


(Firefox-esr:7381): Gtk-WARNING **: 21:48:23.236: Theme directory actions/16@2x of theme Dracula has no size field


(Firefox-esr:7381): Gtk-WARNING **: 21:48:23.236: Theme directory actions/22@2x of theme Dracula has no size field


(Firefox-esr:7381): Gtk-WARNING **: 21:48:23.236: Theme directory actions/24@2x of theme Dracula has no size field


(Firefox-esr:7381): Gtk-WARNING **: 21:48:23.236: Theme directory actions/32@2x of theme Dracula has no size field


(Firefox-esr:7381): Gtk-WARNING **: 21:48:23.236: Theme directory actions/symbolic of theme Dracula has no size field

1675277303950	Marionette	INFO	Marionette enabled
1675277303957	Marionette	INFO	Listening on port 38573
Read port: 38573
WebDriver BiDi listening on ws://localhost:42195
1675277304198	RemoteAgent	WARN	TLS certificate errors will be ignored for this session
console.warn: SearchSettings: "get: No settings file exists, new profile?" (new NotFoundError("Could not open the file at /tmp/rust_mozprofiletEwx1m/search.json.mozlz4", (void 0)))
Missing chrome or resource URL: resource://gre/modules/UpdateListener.jsm
Missing chrome or resource URL: resource://gre/modules/UpdateListener.sys.mjs
DevTools listening on ws://localhost:42195/devtools/browser/a70b7535-a628-4553-be35-a068ebd26d3f
JavaScript warning: https://stepik.azureedge.net/static/frontend-build/vendor.js?v=1675064150, line 6289: unreachable code after return statement
JavaScript warning: https://mc.yandex.ru/metrika/tag.js, line 13: WEBGL_debug_renderer_info is deprecated in Firefox and will be removed. Please use RENDERER.
JavaScript error: https://stepik.azureedge.net/static/frontend-build/vendor.js?v=1675064150, line 6105: Error: Expected: '<assignment:568645>' to be present in the adapter provided payload, but it was not found.
Missing chrome or resource URL: resource://gre/modules/UpdateListener.jsm
Missing chrome or resource URL: resource://gre/modules/UpdateListener.sys.mjs
console.error: "Error during quit-application-granted: [Exception... \"File error: Not found\"  nsresult: \"0x80520012 (NS_ERROR_FILE_NOT_FOUND)\"  location: \"JS frame :: resource:///modules/BrowserGlue.jsm :: _onQuitApplicationGranted/tasks< :: line 1996\"  data: no]"
1675277327241	Marionette	INFO	Stopped listening on port 38573
console.warn: TopSitesFeed: Failed to fetch data from Contile server: NetworkError when attempting to fetch resource.
